<?xml version="1.0" encoding="UTF-8"?>
<!-- Generated by org.testng.reporters.JUnitXMLReporter -->
<testsuite hostname="DESKTOP-H0057HT" ignored="0" name="Test" tests="3" failures="0" timestamp="2022-07-17T17:30:06 IST" time="113.549" errors="0">
  <testcase name="verifyDashBoard" time="4.748" classname="org.Pom_TestCases.DashBoardTestCases"/>
  <testcase name="validateLogin" time="73.376" classname="org.Pom_TestCases.LoginTestCases"/>
  <testcase name="verifyLoginFields" time="0.223" classname="org.Pom_TestCases.LoginTestCases"/>
</testsuite> <!-- Test -->
